<?xml version="1.0" encoding="UTF-8"?>
<!-- Generated by org.testng.reporters.JUnitReportReporter -->
<testsuite hostname="DESKTOP-JVBFKIC" failures="0" tests="6" name="api.test.datadriventest" time="11.672" errors="0" timestamp="2024-07-22T18:42:06 IST" skipped="0">
  <testcase classname="api.test.datadriventest" name="testmultplepostuserreq" time="4.817"/>
  <testcase classname="api.test.datadriventest" name="testmultplepostuserreq" time="1.318"/>
  <testcase classname="api.test.datadriventest" name="testmultplepostuserreq" time="1.193"/>
  <testcase classname="api.test.datadriventest" name="testdeletemultiuser" time="1.590"/>
  <testcase classname="api.test.datadriventest" name="testdeletemultiuser" time="1.532"/>
  <testcase classname="api.test.datadriventest" name="testdeletemultiuser" time="1.222"/>
</testsuite> <!-- api.test.datadriventest -->
