<?xml version="1.0" encoding="UTF-8"?>
<!-- Generated by org.testng.reporters.JUnitReportReporter -->
<testsuite hostname="DESKTOP-JVBFKIC" failures="0" tests="4" name="api.test.UserTests" time="11.074" errors="0" timestamp="2024-07-23T12:11:51 IST" skipped="0">
  <testcase classname="api.test.UserTests" name="testPostUser" time="5.653"/>
  <testcase classname="api.test.UserTests" name="testGetUser" time="1.416"/>
  <testcase classname="api.test.UserTests" name="testUpdateUser" time="2.656"/>
  <testcase classname="api.test.UserTests" name="testDeleteUser" time="1.349"/>
</testsuite> <!-- api.test.UserTests -->
