<?xml version="1.0" encoding="UTF-8"?>
<!-- Generated by org.testng.reporters.JUnitReportReporter -->
<testsuite hostname="DESKTOP-JVBFKIC" failures="0" tests="4" name="api.test.UserTests" time="11.926" errors="0" timestamp="2024-07-23T15:44:34 IST" skipped="0">
  <testcase classname="api.test.UserTests" name="testPostUser" time="6.437"/>
  <testcase classname="api.test.UserTests" name="testGetUser" time="1.415"/>
  <testcase classname="api.test.UserTests" name="testUpdateUser" time="2.718"/>
  <testcase classname="api.test.UserTests" name="testDeleteUser" time="1.356"/>
</testsuite> <!-- api.test.UserTests -->
