<?xml version="1.0" encoding="UTF-8"?>
<!-- Generated by org.testng.reporters.JUnitReportReporter -->
<testsuite hostname="DESKTOP-JVBFKIC" failures="0" tests="4" name="api.test.UserTests" time="10.461" errors="0" timestamp="2024-07-24T12:23:07 IST" skipped="0">
  <testcase classname="api.test.UserTests" name="testPostUser" time="5.048"/>
  <testcase classname="api.test.UserTests" name="testGetUser" time="1.405"/>
  <testcase classname="api.test.UserTests" name="testUpdateUser" time="2.679"/>
  <testcase classname="api.test.UserTests" name="testDeleteUser" time="1.329"/>
</testsuite> <!-- api.test.UserTests -->
